<?xml version="1.0" encoding="UTF-8"?>
<!-- Generated by org.testng.reporters.JUnitReportReporter -->
<testsuite hostname="DESKTOP-SSU3LF0" name="com.mvn.DemoTest" tests="2" failures="0" timestamp="25 Jun 2018 18:21:23 GMT" time="0.015" errors="0">
  <testcase name="DemoTest1" time="0.015" classname="com.mvn.DemoTest"/>
  <testcase name="DemoTest2" time="0.000" classname="com.mvn.DemoTest"/>
</testsuite> <!-- com.mvn.DemoTest -->
